<?xml version="1.0" encoding="UTF-8"?>
<!-- Generated by org.testng.reporters.JUnitXMLReporter -->
<testsuite hostname="manjunathspc" ignored="5" name="Test" tests="7" failures="0" timestamp="20 Jan 2020 12:43:42 GMT" time="6.608" errors="0">
  <testcase name="@BeforeTest open" time="6.525" classname="pages.Extras">
    <failure type="org.openqa.selenium.SessionNotCreatedException" message="session not created: This version of ChromeDriver only supports Chrome version 77
Build info: version: &amp;apos;3.8.1&amp;apos;, revision: &amp;apos;6e95a6684b&amp;apos;, time: &amp;apos;2017-12-01T18:33:54.468Z&amp;apos;
System info: host: &amp;apos;MANJUNATHSPC&amp;apos;, ip: &amp;apos;10.91.11.101&amp;apos;, os.name: &amp;apos;Windows 10&amp;apos;, os.arch: &amp;apos;amd64&amp;apos;, os.version: &amp;apos;10.0&amp;apos;, java.version: &amp;apos;1.8.0_221&amp;apos;
Driver info: driver.version: ChromeDriver
remote stacktrace: Backtrace:
	Ordinal0 [0x00E6EB13+1501971]
	Ordinal0 [0x00DEF6D1+980689]
	Ordinal0 [0x00D7765F+489055]
	Ordinal0 [0x00D0F2F4+62196]
	Ordinal0 [0x00D0BCDA+48346]
	Ordinal0 [0x00D29800+169984]
	Ordinal0 [0x00D2942D+169005]
	Ordinal0 [0x00D278EB+162027]
	Ordinal0 [0x00D10AC7+68295]
	Ordinal0 [0x00D11B40+72512]
	Ordinal0 [0x00D11AD9+72409]
	Ordinal0 [0x00E08F37+1085239]
	GetHandleVerifier [0x00F0D7ED+503293]
	GetHandleVerifier [0x00F0D580+502672]
	GetHandleVerifier [0x00F146AC+531644]
	GetHandleVerifier [0x00F0DFFA+505354]
	Ordinal0 [0x00E00606+1050118]
	Ordinal0 [0x00E0047F+1049727]
	Ordinal0 [0x00E0AF9B+1093531]
	Ordinal0 [0x00E0B103+1093891]
	Ordinal0 [0x00E0A095+1089685]
	BaseThreadInitThunk [0x74EB6359+25]
	RtlGetAppContainerNamedObjectPath [0x77717B74+228]
	RtlGetAppContainerNamedObjectPath [0x77717B44+180]
">
      <![CDATA[org.openqa.selenium.SessionNotCreatedException: session not created: This version of ChromeDriver only supports Chrome version 77
Build info: version: '3.8.1', revision: '6e95a6684b', time: '2017-12-01T18:33:54.468Z'
System info: host: 'MANJUNATHSPC', ip: '10.91.11.101', os.name: 'Windows 10', os.arch: 'amd64', os.version: '10.0', java.version: '1.8.0_221'
Driver info: driver.version: ChromeDriver
remote stacktrace: Backtrace:
Ordinal0 [0x00E6EB13+1501971]
Ordinal0 [0x00DEF6D1+980689]
Ordinal0 [0x00D7765F+489055]
Ordinal0 [0x00D0F2F4+62196]
Ordinal0 [0x00D0BCDA+48346]
Ordinal0 [0x00D29800+169984]
Ordinal0 [0x00D2942D+169005]
Ordinal0 [0x00D278EB+162027]
Ordinal0 [0x00D10AC7+68295]
Ordinal0 [0x00D11B40+72512]
Ordinal0 [0x00D11AD9+72409]
Ordinal0 [0x00E08F37+1085239]
GetHandleVerifier [0x00F0D7ED+503293]
GetHandleVerifier [0x00F0D580+502672]
GetHandleVerifier [0x00F146AC+531644]
GetHandleVerifier [0x00F0DFFA+505354]
Ordinal0 [0x00E00606+1050118]
Ordinal0 [0x00E0047F+1049727]
Ordinal0 [0x00E0AF9B+1093531]
Ordinal0 [0x00E0B103+1093891]
Ordinal0 [0x00E0A095+1089685]
BaseThreadInitThunk [0x74EB6359+25]
RtlGetAppContainerNamedObjectPath [0x77717B74+228]
RtlGetAppContainerNamedObjectPath [0x77717B44+180]

at org.openqa.selenium.remote.W3CHandshakeResponse.lambda$new$0(W3CHandshakeResponse.java:57)
at org.openqa.selenium.remote.W3CHandshakeResponse.lambda$getResponseFunction$2(W3CHandshakeResponse.java:104)
at org.openqa.selenium.remote.ProtocolHandshake.lambda$createSession$0(ProtocolHandshake.java:123)
at java.util.stream.ReferencePipeline$3$1.accept(Unknown Source)
at java.util.Spliterators$ArraySpliterator.tryAdvance(Unknown Source)
at java.util.stream.ReferencePipeline.forEachWithCancel(Unknown Source)
at java.util.stream.AbstractPipeline.copyIntoWithCancel(Unknown Source)
at java.util.stream.AbstractPipeline.copyInto(Unknown Source)
at java.util.stream.AbstractPipeline.wrapAndCopyInto(Unknown Source)
at java.util.stream.FindOps$FindOp.evaluateSequential(Unknown Source)
at java.util.stream.AbstractPipeline.evaluate(Unknown Source)
at java.util.stream.ReferencePipeline.findFirst(Unknown Source)
at org.openqa.selenium.remote.ProtocolHandshake.createSession(ProtocolHandshake.java:126)
at org.openqa.selenium.remote.ProtocolHandshake.createSession(ProtocolHandshake.java:73)
at org.openqa.selenium.remote.HttpCommandExecutor.execute(HttpCommandExecutor.java:142)
at org.openqa.selenium.remote.service.DriverCommandExecutor.execute(DriverCommandExecutor.java:83)
at org.openqa.selenium.remote.RemoteWebDriver.execute(RemoteWebDriver.java:601)
at org.openqa.selenium.remote.RemoteWebDriver.startSession(RemoteWebDriver.java:219)
at org.openqa.selenium.remote.RemoteWebDriver.<init>(RemoteWebDriver.java:142)
at org.openqa.selenium.chrome.ChromeDriver.<init>(ChromeDriver.java:181)
at org.openqa.selenium.chrome.ChromeDriver.<init>(ChromeDriver.java:168)
at org.openqa.selenium.chrome.ChromeDriver.<init>(ChromeDriver.java:157)
at pages.Extras.open(Extras.java:29)
at java.util.concurrent.FutureTask.run(Unknown Source)
at java.util.concurrent.ThreadPoolExecutor.runWorker(Unknown Source)
at java.util.concurrent.ThreadPoolExecutor$Worker.run(Unknown Source)
at java.lang.Thread.run(Unknown Source)
... Removed 19 stack frames]]>
    </failure>
  </testcase> <!-- @BeforeTest open -->
  <testcase name="@BeforeTest StartReport" time="0.0" classname="base.SuperTestNG">
    <skipped/>
  </testcase> <!-- @BeforeTest StartReport -->
  <testcase name="@BeforeMethod initialization" time="0.0" classname="base.SuperTestNG">
    <skipped/>
  </testcase> <!-- @BeforeMethod initialization -->
  <testcase name="@AfterMethod closebrowser" time="0.0" classname="base.SuperTestNG">
    <skipped/>
  </testcase> <!-- @AfterMethod closebrowser -->
  <testcase name="@BeforeMethod initialization" time="0.0" classname="base.SuperTestNG">
    <skipped/>
  </testcase> <!-- @BeforeMethod initialization -->
  <testcase name="@AfterMethod closebrowser" time="0.0" classname="base.SuperTestNG">
    <skipped/>
  </testcase> <!-- @AfterMethod closebrowser -->
  <testcase name="@BeforeMethod initialization" time="0.0" classname="base.SuperTestNG">
    <skipped/>
  </testcase> <!-- @BeforeMethod initialization -->
  <testcase name="@AfterMethod closebrowser" time="0.0" classname="base.SuperTestNG">
    <skipped/>
  </testcase> <!-- @AfterMethod closebrowser -->
  <testcase name="@BeforeMethod initialization" time="0.0" classname="base.SuperTestNG">
    <skipped/>
  </testcase> <!-- @BeforeMethod initialization -->
  <testcase name="@AfterMethod closebrowser" time="0.0" classname="base.SuperTestNG">
    <skipped/>
  </testcase> <!-- @AfterMethod closebrowser -->
  <testcase name="@BeforeMethod initialization" time="0.0" classname="base.SuperTestNG">
    <skipped/>
  </testcase> <!-- @BeforeMethod initialization -->
  <testcase name="@AfterMethod closebrowser" time="0.0" classname="base.SuperTestNG">
    <skipped/>
  </testcase> <!-- @AfterMethod closebrowser -->
  <testcase name="@BeforeMethod initialization" time="0.0" classname="base.SuperTestNG">
    <skipped/>
  </testcase> <!-- @BeforeMethod initialization -->
  <testcase name="@AfterMethod closebrowser" time="0.0" classname="base.SuperTestNG">
    <skipped/>
  </testcase> <!-- @AfterMethod closebrowser -->
  <testcase name="@AfterTest close" time="0.0" classname="pages.Extras">
    <skipped/>
  </testcase> <!-- @AfterTest close -->
  <testcase name="AhmedabadWarehouseflow" time="0.0" classname="WH.WH_AhmedabadLogin">
    <skipped/>
  </testcase> <!-- AhmedabadWarehouseflow -->
  <testcase name="SuperAdminflow" time="0.0" classname="WH.SuperAdminLogin">
    <skipped/>
  </testcase> <!-- SuperAdminflow -->
  <testcase name="commonflow" time="0.0" classname="WH.CommonLogin">
    <skipped/>
  </testcase> <!-- commonflow -->
  <testcase name="verify" time="0.0" classname="pages.Extras">
    <skipped/>
  </testcase> <!-- verify -->
  <testcase name="customercare" time="0.0" classname="WH.CustomerCareLogin">
    <skipped/>
  </testcase> <!-- customercare -->
  <testcase name="UPP" time="0.0" classname="WH.Upp_Login">
    <skipped/>
  </testcase> <!-- UPP -->
  <testcase name="SuperAdminflow" time="0.0" classname="WH.AdminLogin">
    <skipped/>
  </testcase> <!-- SuperAdminflow -->
  <testcase name="@BeforeTest StartReport" time="0.0" classname="base.SuperTestNG">
    <ignored/>
  </testcase> <!-- @BeforeTest StartReport -->
  <testcase name="@BeforeTest StartReport" time="0.0" classname="base.SuperTestNG">
    <ignored/>
  </testcase> <!-- @BeforeTest StartReport -->
  <testcase name="@BeforeTest StartReport" time="0.0" classname="base.SuperTestNG">
    <ignored/>
  </testcase> <!-- @BeforeTest StartReport -->
  <testcase name="@BeforeTest StartReport" time="0.0" classname="base.SuperTestNG">
    <ignored/>
  </testcase> <!-- @BeforeTest StartReport -->
  <testcase name="@BeforeTest StartReport" time="0.0" classname="base.SuperTestNG">
    <ignored/>
  </testcase> <!-- @BeforeTest StartReport -->
</testsuite> <!-- Test -->
